#
# A fatal error has been detected by the Java Runtime Environment:
#
#  EXCEPTION_ACCESS_VIOLATION (0xc0000005) at pc=0x00007ffc44d36cbc, pid=10932, tid=0x0000000000003980
#
# JRE version: Java(TM) SE Runtime Environment (8.0_202-b08) (build 1.8.0_202-b08)
# Java VM: Java HotSpot(TM) 64-Bit Server VM (25.202-b08 mixed mode windows-amd64 compressed oops)
# Problematic frame:
# C  [ucrtbase.dll+0x26cbc]
#
# Failed to write core dump. Minidumps are not enabled by default on client versions of Windows
#
# If you would like to submit a bug report, please visit:
#   http://bugreport.java.com/bugreport/crash.jsp
# The crash happened outside the Java Virtual Machine in native code.
# See problematic frame for where to report the bug.
#

---------------  T H R E A D  ---------------

Current thread (0x00000279d616e800):  JavaThread "main" [_thread_in_native, id=14720, stack(0x000000cdbaa00000,0x000000cdbea00000)]

siginfo: ExceptionCode=0xc0000005, reading address 0xffffffffffffffff

Registers:
RAX=0x6d75636f445c6e6f, RBX=0x000000cdbe9f72e0, RCX=0x6d75636f445c6e80, RDX=0x000000007fffffff
RSP=0x000000cdbe9f7168, RBP=0x000000cdbe9f7380, RSI=0x000000cdbe9f7910, RDI=0xffffffffffffffff
R8 =0xfffffffffffffff1, R9 =0x6d75636f445c6e6f, R10=0x0000000000000011, R11=0x000000cdbe9f8aec
R12=0x0000000000000000, R13=0x000000000000004e, R14=0x000000cdbe9f7748, R15=0x00007ffc44d10000
RIP=0x00007ffc44d36cbc, EFLAGS=0x0000000000010283

Top of Stack: (sp=0x000000cdbe9f7168)
0x000000cdbe9f7168:   00007ffc44d22437 0000027993d51cd0
0x000000cdbe9f7178:   000000cdbe9f7e80 0000000000000000
0x000000cdbe9f7188:   000000cdbe9f7910 000000cdbe9f72e0
0x000000cdbe9f7198:   00007ffc44d2114a 000000cdbe9f72e0
0x000000cdbe9f71a8:   000000cdbe9f7380 000000cdbe9f7910
0x000000cdbe9f71b8:   ffffffffffffffff 0000000000000000
0x000000cdbe9f71c8:   00007ffc470207b0 0000b76f71000000
0x000000cdbe9f71d8:   00000279d00a0fc0 000028a15c20ba5f
0x000000cdbe9f71e8:   00007ffc44d139ce 00007ffc44d10000
0x000000cdbe9f71f8:   000000cdbe9f7748 0000000000000000
0x000000cdbe9f7208:   ffffffffffffffff 000000cdbe9f72e0
0x000000cdbe9f7218:   00007ffc44d20d9e 000000cdbe9f72d0
0x000000cdbe9f7228:   000000cdbe9f7380 000000cdbe9f7910
0x000000cdbe9f7238:   0000000000000008 ffffffffffffffff
0x000000cdbe9f7248:   00007ffc44d199c7 0000000000000025
0x000000cdbe9f7258:   0000000000000000 0000000000000000 

Instructions: (pc=0x00007ffc44d36cbc)
0x00007ffc44d36c9c:   e0 1f 49 2b c0 49 f7 d8 4d 1b d2 4c 23 d0 49 8b
0x00007ffc44d36cac:   c1 49 3b d2 4c 0f 42 d2 49 03 ca 4c 3b c9 74 0d
0x00007ffc44d36cbc:   80 38 00 74 08 48 ff c0 48 3b c1 75 f3 48 8b c8
0x00007ffc44d36ccc:   49 2b c9 49 3b ca 0f 85 f4 00 00 00 4c 8b c2 48 


Register to memory mapping:

RAX=0x6d75636f445c6e6f is an unknown value
RBX=0x000000cdbe9f72e0 is pointing into the stack for thread: 0x00000279d616e800
RCX=0x6d75636f445c6e80 is an unknown value
RDX=0x000000007fffffff is an unknown value
RSP=0x000000cdbe9f7168 is pointing into the stack for thread: 0x00000279d616e800
RBP=0x000000cdbe9f7380 is pointing into the stack for thread: 0x00000279d616e800
RSI=0x000000cdbe9f7910 is pointing into the stack for thread: 0x00000279d616e800
RDI=0xffffffffffffffff is an unknown value
R8 =0xfffffffffffffff1 is an unknown value
R9 =0x6d75636f445c6e6f is an unknown value
R10=0x0000000000000011 is an unknown value
R11=0x000000cdbe9f8aec is pointing into the stack for thread: 0x00000279d616e800
R12=0x0000000000000000 is an unknown value
R13=0x000000000000004e is an unknown value
R14=0x000000cdbe9f7748 is pointing into the stack for thread: 0x00000279d616e800
R15=0x00007ffc44d10000 is an unknown value


Stack: [0x000000cdbaa00000,0x000000cdbea00000],  sp=0x000000cdbe9f7168,  free space=65500k
Native frames: (J=compiled Java code, j=interpreted, Vv=VM code, C=native code)
C  [ucrtbase.dll+0x26cbc]

Java frames: (J=compiled Java code, j=interpreted, Vv=VM code)
j  org.opensim.modeling.opensimSimulationJNI.IMUPlacer_run__SWIG_0(JLorg/opensim/modeling/IMUPlacer;Z)Z+0
j  org.opensim.modeling.IMUPlacer.run(Z)Z+6
v  ~StubRoutines::call_stub

---------------  P R O C E S S  ---------------

Java Threads: ( => current thread )
  0x00000279fdf9a000 JavaThread "Command Window doExecuteCommand" [_thread_in_native, id=14320, stack(0x000000cdb8400000,0x000000cdb8500000)]
  0x00000279fc18f000 JavaThread "event coalescer" daemon [_thread_blocked, id=21440, stack(0x000000cdc6d00000,0x000000cdc6e00000)]
  0x00000279fc184000 JavaThread "LiveEditorBrowserHandler" daemon [_thread_blocked, id=14572, stack(0x000000cdc6300000,0x000000cdc6400000)]
  0x00000279fc18c000 JavaThread "event coalescer" daemon [_thread_blocked, id=12760, stack(0x000000cdc5b00000,0x000000cdc5c00000)]
  0x00000279fc189000 JavaThread "LiveEditorClientFactory" daemon [_thread_blocked, id=4424, stack(0x000000cdc5700000,0x000000cdc5800000)]
  0x00000279fc188800 JavaThread "DirtyPrefsExecutorThread" daemon [_thread_blocked, id=13708, stack(0x000000cdc5100000,0x000000cdc5200000)]
  0x00000279fc18a000 JavaThread "Prefs Updater" daemon [_thread_blocked, id=13324, stack(0x000000cdc2b00000,0x000000cdc2c00000)]
  0x00000279fc186000 JavaThread "Startup Class Loader-SharedResourceRunner" daemon [_thread_blocked, id=18596, stack(0x000000cdc5200000,0x000000cdc5300000)]
  0x00000279fc185800 JavaThread "CachedLightweightBrowserFactory" daemon [_thread_blocked, id=12976, stack(0x000000cdc5000000,0x000000cdc5100000)]
  0x00000279fc18d800 JavaThread "com.mathworks.addons_common.notificationframework.InstalledFolderRegistryObservers" daemon [_thread_blocked, id=19440, stack(0x000000cdc4300000,0x000000cdc4400000)]
  0x00000279fdf9d800 JavaThread "com.mathworks.addons_common.notificationframework.InstalledAddOnsCache" daemon [_thread_blocked, id=17516, stack(0x000000cdc3500000,0x000000cdc3600000)]
  0x00000279fdf9d000 JavaThread "ConnectorFactory" daemon [_thread_blocked, id=15040, stack(0x000000cdc3200000,0x000000cdc3300000)]
  0x00000279fdf9f000 JavaThread "StartupClassLoader Timer" daemon [_thread_blocked, id=17816, stack(0x000000cdc2a00000,0x000000cdc2b00000)]
  0x00000279fdf9a800 JavaThread "Swing-Shell" daemon [_thread_blocked, id=21480, stack(0x000000cdc1d00000,0x000000cdc1e00000)]
  0x00000279fdf94000 JavaThread "Source Control Thread" daemon [_thread_blocked, id=10940, stack(0x000000cdc2300000,0x000000cdc2400000)]
  0x00000279fdf9b800 JavaThread "Thread-8" daemon [_thread_blocked, id=17124, stack(0x000000cdc2c00000,0x000000cdc2d00000)]
  0x00000279fdf99000 JavaThread "History Command Saver" daemon [_thread_blocked, id=7604, stack(0x000000cdc2800000,0x000000cdc2900000)]
  0x00000279fdf94800 JavaThread "ClipboardMonitor Timer" daemon [_thread_blocked, id=7744, stack(0x000000cdc2700000,0x000000cdc2800000)]
  0x00000279fdf91800 JavaThread "CFB Source Control Executor" daemon [_thread_blocked, id=11788, stack(0x000000cdc2600000,0x000000cdc2700000)]
  0x00000279fdf97800 JavaThread "Explorer NavigationContext request queue" daemon [_thread_blocked, id=2512, stack(0x000000cdc2400000,0x000000cdc2500000)]
  0x00000279fdf92800 JavaThread "CFB Settings" daemon [_thread_blocked, id=12420, stack(0x000000cdc2200000,0x000000cdc2300000)]
  0x00000279fdf95800 JavaThread "CFB Settings" daemon [_thread_blocked, id=16652, stack(0x000000cdc2100000,0x000000cdc2200000)]
  0x00000279fdf97000 JavaThread "AddressBar directory emptiness poller" daemon [_thread_blocked, id=4372, stack(0x000000cdc2000000,0x000000cdc2100000)]
  0x00000279fdf98800 JavaThread "Explorer Refresh Service 1040272973" daemon [_thread_blocked, id=21452, stack(0x000000cdc1e00000,0x000000cdc1f00000)]
  0x00000279835c8800 JavaThread "TimerQueue" daemon [_thread_blocked, id=1676, stack(0x000000cdc1600000,0x000000cdc1700000)]
  0x00000279835cd000 JavaThread "EventMgr Dispatcher" daemon [_thread_in_native, id=13996, stack(0x000000cdba900000,0x000000cdbaa00000)]
  0x00000279835cc800 JavaThread "PathDataService cache" daemon [_thread_blocked, id=15336, stack(0x000000cdc1f00000,0x000000cdc2000000)]
  0x00000279835cf800 JavaThread "Thread-4" daemon [_thread_blocked, id=13112, stack(0x000000cdc1900000,0x000000cdc1a00000)]
  0x00000279835cb000 JavaThread "AWT-EventQueue-0" [_thread_blocked, id=15380, stack(0x000000cdc1800000,0x000000cdc1900000)]
  0x00000279835cb800 JavaThread "AWT-Shutdown" [_thread_blocked, id=13592, stack(0x000000cdc1700000,0x000000cdc1800000)]
  0x00000279fd408800 JavaThread "Settings Releaser" daemon [_thread_blocked, id=21196, stack(0x000000cdc1400000,0x000000cdc1500000)]
  0x00000279fd552000 JavaThread "EventMgr Dispatcher" daemon [_thread_in_native, id=4684, stack(0x000000cdc1200000,0x000000cdc1300000)]
  0x00000279fb00f000 JavaThread "AWT-Windows" daemon [_thread_in_native, id=8272, stack(0x000000cdc1300000,0x000000cdc1400000)]
  0x00000279fb00c800 JavaThread "Java2D Disposer" daemon [_thread_blocked, id=13952, stack(0x000000cdc1100000,0x000000cdc1200000)]
  0x00000279fac2b800 JavaThread "MatlabKeepAlive Timer" daemon [_thread_blocked, id=13624, stack(0x000000cdc1000000,0x000000cdc1100000)]
  0x00000279faa6c800 JavaThread "Service Thread" daemon [_thread_blocked, id=13608, stack(0x000000cdc0e00000,0x000000cdc0f00000)]
  0x00000279fa9df000 JavaThread "C1 CompilerThread3" daemon [_thread_blocked, id=19520, stack(0x000000cdc0d00000,0x000000cdc0e00000)]
  0x00000279fa9de000 JavaThread "C2 CompilerThread2" daemon [_thread_blocked, id=7172, stack(0x000000cdc0c00000,0x000000cdc0d00000)]
  0x00000279fa9d9000 JavaThread "C2 CompilerThread1" daemon [_thread_blocked, id=18128, stack(0x000000cdc0b00000,0x000000cdc0c00000)]
  0x00000279fa9d3800 JavaThread "C2 CompilerThread0" daemon [_thread_blocked, id=11008, stack(0x000000cdc0a00000,0x000000cdc0b00000)]
  0x00000279fa9d1800 JavaThread "Attach Listener" daemon [_thread_blocked, id=10668, stack(0x000000cdc0900000,0x000000cdc0a00000)]
  0x00000279f9213800 JavaThread "Finalizer" daemon [_thread_blocked, id=16140, stack(0x000000cdc0800000,0x000000cdc0900000)]
  0x00000279f920a800 JavaThread "Reference Handler" daemon [_thread_blocked, id=17452, stack(0x000000cdc0700000,0x000000cdc0800000)]
=>0x00000279d616e800 JavaThread "main" [_thread_in_native, id=14720, stack(0x000000cdbaa00000,0x000000cdbea00000)]

Other Threads:
  0x00000279f91e4000 VMThread [stack: 0x000000cdc0600000,0x000000cdc0700000] [id=13356]
  0x00000279fab57800 WatcherThread [stack: 0x000000cdc0f00000,0x000000cdc1000000] [id=9368]

VM state:not at safepoint (normal execution)

VM Mutex/Monitor currently owned by a thread: None

heap address: 0x00000000b8000000, size: 1152 MB, Compressed Oops mode: 32-bit
Narrow klass base: 0x0000000000000000, Narrow klass shift: 3
Compressed class space size: 1073741824 Address: 0x0000000100000000

Heap:
 PSYoungGen      total 199680K, used 9177K [0x00000000ee000000, 0x00000000fc680000, 0x0000000100000000)
  eden space 162816K, 1% used [0x00000000ee000000,0x00000000ee199758,0x00000000f7f00000)
  from space 36864K, 20% used [0x00000000f7f00000,0x00000000f865cf68,0x00000000fa300000)
  to   space 34816K, 0% used [0x00000000fa480000,0x00000000fa480000,0x00000000fc680000)
 ParOldGen       total 133120K, used 69382K [0x00000000b8000000, 0x00000000c0200000, 0x00000000ee000000)
  object space 133120K, 52% used [0x00000000b8000000,0x00000000bc3c1808,0x00000000c0200000)
 Metaspace       used 88001K, capacity 88702K, committed 89340K, reserved 1126400K
  class space    used 12603K, capacity 12782K, committed 12800K, reserved 1048576K

Card table byte_map: [0x00000279f5f80000,0x00000279f61d0000] byte_map_base: 0x00000279f59c0000

Marking Bits: (ParMarkBitMap*) 0x0000000065345ce0
 Begin Bits: [0x00000279f61d0000, 0x00000279f73d0000)
 End Bits:   [0x00000279f73d0000, 0x00000279f85d0000)

Polling page: 0x00000279d4610000

CodeCache: size=245760Kb used=26033Kb max_used=26053Kb free=219726Kb
 bounds [0x00000279e6bc0000, 0x00000279e8560000, 0x00000279f5bc0000]
 total_blobs=9078 nmethods=7743 adapters=1245
 compilation: enabled

Compilation events (10 events):
Event: 242.646 Thread 0x00000279fa9df000 9398       3       javax.swing.RepaintManager$PaintManager::paint (189 bytes)
Event: 242.647 Thread 0x00000279fa9d9000 nmethod 9396 0x00000279e8534f10 code [0x00000279e8535080, 0x00000279e8535388]
Event: 242.647 Thread 0x00000279fa9df000 nmethod 9398 0x00000279e853fc50 code [0x00000279e853ff60, 0x00000279e8541af0]
Event: 242.647 Thread 0x00000279fa9df000 9399   !   3       javax.swing.JComponent::paintToOffscreen (108 bytes)
Event: 242.648 Thread 0x00000279fa9df000 nmethod 9399 0x00000279e85428d0 code [0x00000279e8542ac0, 0x00000279e8543530]
Event: 242.649 Thread 0x00000279fa9de000 nmethod 9391 0x00000279e8546f90 code [0x00000279e85471a0, 0x00000279e8547bf0]
Event: 242.723 Thread 0x00000279fa9df000 9400       3       com.mathworks.jmi.OpaqueJavaInterface::getMethodSignatures (165 bytes)
Event: 242.724 Thread 0x00000279fa9df000 nmethod 9400 0x00000279e854d990 code [0x00000279e854dc60, 0x00000279e854f010]
Event: 242.734 Thread 0x00000279fa9d3800 9401   !   4       java.awt.EventQueue::postEventPrivate (104 bytes)
Event: 242.771 Thread 0x00000279fa9d3800 nmethod 9401 0x00000279e8554b50 code [0x00000279e8554ec0, 0x00000279e8557488]

GC Heap History (10 events):
Event: 172.414 GC heap before
{Heap before GC invocations=33 (full 4):
 PSYoungGen      total 197632K, used 161885K [0x00000000ee000000, 0x00000000fcc00000, 0x0000000100000000)
  eden space 156672K, 100% used [0x00000000ee000000,0x00000000f7900000,0x00000000f7900000)
  from space 40960K, 12% used [0x00000000fa400000,0x00000000fa917770,0x00000000fcc00000)
  to   space 42496K, 0% used [0x00000000f7900000,0x00000000f7900000,0x00000000fa280000)
 ParOldGen       total 133120K, used 68651K [0x00000000b8000000, 0x00000000c0200000, 0x00000000ee000000)
  object space 133120K, 51% used [0x00000000b8000000,0x00000000bc30ac98,0x00000000c0200000)
 Metaspace       used 83842K, capacity 84530K, committed 85116K, reserved 1122304K
  class space    used 12444K, capacity 12612K, committed 12672K, reserved 1048576K
Event: 172.418 GC heap after
Heap after GC invocations=33 (full 4):
 PSYoungGen      total 199168K, used 4799K [0x00000000ee000000, 0x00000000fcd00000, 0x0000000100000000)
  eden space 156672K, 0% used [0x00000000ee000000,0x00000000ee000000,0x00000000f7900000)
  from space 42496K, 11% used [0x00000000f7900000,0x00000000f7daff40,0x00000000fa280000)
  to   space 41472K, 0% used [0x00000000fa480000,0x00000000fa480000,0x00000000fcd00000)
 ParOldGen       total 133120K, used 68659K [0x00000000b8000000, 0x00000000c0200000, 0x00000000ee000000)
  object space 133120K, 51% used [0x00000000b8000000,0x00000000bc30cc98,0x00000000c0200000)
 Metaspace       used 83842K, capacity 84530K, committed 85116K, reserved 1122304K
  class space    used 12444K, capacity 12612K, committed 12672K, reserved 1048576K
}
Event: 228.091 GC heap before
{Heap before GC invocations=34 (full 4):
 PSYoungGen      total 199168K, used 161471K [0x00000000ee000000, 0x00000000fcd00000, 0x0000000100000000)
  eden space 156672K, 100% used [0x00000000ee000000,0x00000000f7900000,0x00000000f7900000)
  from space 42496K, 11% used [0x00000000f7900000,0x00000000f7daff40,0x00000000fa280000)
  to   space 41472K, 0% used [0x00000000fa480000,0x00000000fa480000,0x00000000fcd00000)
 ParOldGen       total 133120K, used 68659K [0x00000000b8000000, 0x00000000c0200000, 0x00000000ee000000)
  object space 133120K, 51% used [0x00000000b8000000,0x00000000bc30cc98,0x00000000c0200000)
 Metaspace       used 84277K, capacity 84932K, committed 85756K, reserved 1122304K
  class space    used 12514K, capacity 12679K, committed 12800K, reserved 1048576K
Event: 228.103 GC heap after
Heap after GC invocations=34 (full 4):
 PSYoungGen      total 197120K, used 5353K [0x00000000ee000000, 0x00000000fc980000, 0x0000000100000000)
  eden space 159232K, 0% used [0x00000000ee000000,0x00000000ee000000,0x00000000f7b80000)
  from space 37888K, 14% used [0x00000000fa480000,0x00000000fa9ba608,0x00000000fc980000)
  to   space 39936K, 0% used [0x00000000f7b80000,0x00000000f7b80000,0x00000000fa280000)
 ParOldGen       total 133120K, used 68667K [0x00000000b8000000, 0x00000000c0200000, 0x00000000ee000000)
  object space 133120K, 51% used [0x00000000b8000000,0x00000000bc30ec98,0x00000000c0200000)
 Metaspace       used 84277K, capacity 84932K, committed 85756K, reserved 1122304K
  class space    used 12514K, capacity 12679K, committed 12800K, reserved 1048576K
}
Event: 237.469 GC heap before
{Heap before GC invocations=35 (full 4):
 PSYoungGen      total 197120K, used 164585K [0x00000000ee000000, 0x00000000fc980000, 0x0000000100000000)
  eden space 159232K, 100% used [0x00000000ee000000,0x00000000f7b80000,0x00000000f7b80000)
  from space 37888K, 14% used [0x00000000fa480000,0x00000000fa9ba608,0x00000000fc980000)
  to   space 39936K, 0% used [0x00000000f7b80000,0x00000000f7b80000,0x00000000fa280000)
 ParOldGen       total 133120K, used 68667K [0x00000000b8000000, 0x00000000c0200000, 0x00000000ee000000)
  object space 133120K, 51% used [0x00000000b8000000,0x00000000bc30ec98,0x00000000c0200000)
 Metaspace       used 85422K, capacity 86076K, committed 86780K, reserved 1124352K
  class space    used 12577K, capacity 12715K, committed 12800K, reserved 1048576K
Event: 237.474 GC heap after
Heap after GC invocations=35 (full 4):
 PSYoungGen      total 199168K, used 5769K [0x00000000ee000000, 0x00000000fc900000, 0x0000000100000000)
  eden space 159232K, 0% used [0x00000000ee000000,0x00000000ee000000,0x00000000f7b80000)
  from space 39936K, 14% used [0x00000000f7b80000,0x00000000f81225d8,0x00000000fa280000)
  to   space 38400K, 0% used [0x00000000fa380000,0x00000000fa380000,0x00000000fc900000)
 ParOldGen       total 133120K, used 68675K [0x00000000b8000000, 0x00000000c0200000, 0x00000000ee000000)
  object space 133120K, 51% used [0x00000000b8000000,0x00000000bc310c98,0x00000000c0200000)
 Metaspace       used 85422K, capacity 86076K, committed 86780K, reserved 1124352K
  class space    used 12577K, capacity 12715K, committed 12800K, reserved 1048576K
}
Event: 240.288 GC heap before
{Heap before GC invocations=36 (full 4):
 PSYoungGen      total 199168K, used 165001K [0x00000000ee000000, 0x00000000fc900000, 0x0000000100000000)
  eden space 159232K, 100% used [0x00000000ee000000,0x00000000f7b80000,0x00000000f7b80000)
  from space 39936K, 14% used [0x00000000f7b80000,0x00000000f81225d8,0x00000000fa280000)
  to   space 38400K, 0% used [0x00000000fa380000,0x00000000fa380000,0x00000000fc900000)
 ParOldGen       total 133120K, used 68676K [0x00000000b8000000, 0x00000000c0200000, 0x00000000ee000000)
  object space 133120K, 51% used [0x00000000b8000000,0x00000000bc311238,0x00000000c0200000)
 Metaspace       used 85700K, capacity 86382K, committed 87036K, reserved 1124352K
  class space    used 12590K, capacity 12750K, committed 12800K, reserved 1048576K
Event: 240.293 GC heap after
Heap after GC invocations=36 (full 4):
 PSYoungGen      total 199168K, used 6179K [0x00000000ee000000, 0x00000000fc700000, 0x0000000100000000)
  eden space 162816K, 0% used [0x00000000ee000000,0x00000000ee000000,0x00000000f7f00000)
  from space 36352K, 16% used [0x00000000fa380000,0x00000000fa988d10,0x00000000fc700000)
  to   space 36864K, 0% used [0x00000000f7f00000,0x00000000f7f00000,0x00000000fa300000)
 ParOldGen       total 133120K, used 68684K [0x00000000b8000000, 0x00000000c0200000, 0x00000000ee000000)
  object space 133120K, 51% used [0x00000000b8000000,0x00000000bc313238,0x00000000c0200000)
 Metaspace       used 85700K, capacity 86382K, committed 87036K, reserved 1124352K
  class space    used 12590K, capacity 12750K, committed 12800K, reserved 1048576K
}
Event: 242.729 GC heap before
{Heap before GC invocations=37 (full 4):
 PSYoungGen      total 199168K, used 168995K [0x00000000ee000000, 0x00000000fc700000, 0x0000000100000000)
  eden space 162816K, 100% used [0x00000000ee000000,0x00000000f7f00000,0x00000000f7f00000)
  from space 36352K, 16% used [0x00000000fa380000,0x00000000fa988d10,0x00000000fc700000)
  to   space 36864K, 0% used [0x00000000f7f00000,0x00000000f7f00000,0x00000000fa300000)
 ParOldGen       total 133120K, used 69374K [0x00000000b8000000, 0x00000000c0200000, 0x00000000ee000000)
  object space 133120K, 52% used [0x00000000b8000000,0x00000000bc3bf808,0x00000000c0200000)
 Metaspace       used 88000K, capacity 88702K, committed 89340K, reserved 1126400K
  class space    used 12603K, capacity 12782K, committed 12800K, reserved 1048576K
Event: 242.734 GC heap after
Heap after GC invocations=37 (full 4):
 PSYoungGen      total 199680K, used 7539K [0x00000000ee000000, 0x00000000fc680000, 0x0000000100000000)
  eden space 162816K, 0% used [0x00000000ee000000,0x00000000ee000000,0x00000000f7f00000)
  from space 36864K, 20% used [0x00000000f7f00000,0x00000000f865cf68,0x00000000fa300000)
  to   space 34816K, 0% used [0x00000000fa480000,0x00000000fa480000,0x00000000fc680000)
 ParOldGen       total 133120K, used 69382K [0x00000000b8000000, 0x00000000c0200000, 0x00000000ee000000)
  object space 133120K, 52% used [0x00000000b8000000,0x00000000bc3c1808,0x00000000c0200000)
 Metaspace       used 88000K, capacity 88702K, committed 89340K, reserved 1126400K
  class space    used 12603K, capacity 12782K, committed 12800K, reserved 1048576K
}

Deoptimization events (10 events):
Event: 230.175 Thread 0x00000279835cb000 Uncommon trap: reason=unstable_if action=reinterpret pc=0x00000279e764c140 method=java.util.StringTokenizer.scanToken(I)I @ 96
Event: 230.175 Thread 0x00000279835cb000 Uncommon trap: reason=predicate action=maybe_recompile pc=0x00000279e7661d64 method=java.util.StringTokenizer.skipDelimiters(I)I @ 17
Event: 230.226 Thread 0x00000279835cb000 Uncommon trap: reason=unstable_if action=reinterpret pc=0x00000279e80b3450 method=sun.font.CompositeStrike.getFontMetrics()Lsun/font/StrikeMetrics; @ 4
Event: 230.301 Thread 0x00000279835cb000 Uncommon trap: reason=null_check action=make_not_entrant pc=0x00000279e7588764 method=com.mathworks.toolstrip.factory.TSToolSetContents$Tool.equals(Ljava/lang/Object;)Z @ 40
Event: 239.834 Thread 0x00000279835cb000 Uncommon trap: reason=unstable_if action=reinterpret pc=0x00000279e743836c method=java.lang.Math.min(FF)F @ 37
Event: 240.167 Thread 0x00000279fc189000 Uncommon trap: reason=bimorphic action=maybe_recompile pc=0x00000279e82b428c method=java.util.concurrent.locks.AbstractQueuedSynchronizer.acquireQueued(Ljava/util/concurrent/locks/AbstractQueuedSynchronizer$Node;I)Z @ 22
Event: 240.198 Thread 0x00000279835cb000 Uncommon trap: reason=unstable_if action=reinterpret pc=0x00000279e7ae96a4 method=sun.java2d.pipe.Region.getIntersection(Lsun/java2d/pipe/Region;)Lsun/java2d/pipe/Region; @ 15
Event: 240.283 Thread 0x00000279835cb000 Uncommon trap: reason=unstable_if action=reinterpret pc=0x00000279e6fa6f98 method=javax.swing.SwingUtilities.computeIntersection(IIIILjava/awt/Rectangle;)Ljava/awt/Rectangle; @ 159
Event: 240.657 Thread 0x00000279835cb000 Uncommon trap: reason=range_check action=make_not_entrant pc=0x00000279e84a7c24 method=java.awt.geom.AffineTransform.getMatrix([D)V @ 6
Event: 240.660 Thread 0x00000279835cb000 Uncommon trap: reason=predicate action=maybe_recompile pc=0x00000279e84aab40 method=java.util.AbstractCollection.toArray([Ljava/lang/Object;)[Ljava/lang/Object; @ 49

Classes redefined (0 events):
No events

Internal exceptions (10 events):
Event: 130.193 Thread 0x00000279835cb000 Exception <a 'java/lang/RuntimeException': Message Key Tool_residhistlm_Keywords was not found in the catalog stats:desktop> (0x00000000f1a0a3d0) thrown at [C:\re\workspace\8-2-build-windows-amd64-cygwin\jdk8u202\12323\hotspot\src\share\vm\prims\jni.cpp, 
Event: 130.193 Thread 0x00000279835cb000 Exception <a 'java/lang/RuntimeException': Message Key Tool_residfittedlm_Keywords was not found in the catalog stats:desktop> (0x00000000f1a0b530) thrown at [C:\re\workspace\8-2-build-windows-amd64-cygwin\jdk8u202\12323\hotspot\src\share\vm\prims\jni.cpp
Event: 130.193 Thread 0x00000279835cb000 Exception <a 'java/lang/RuntimeException': Message Key Tool_slicelm_Keywords was not found in the catalog stats:desktop> (0x00000000f1a0c670) thrown at [C:\re\workspace\8-2-build-windows-amd64-cygwin\jdk8u202\12323\hotspot\src\share\vm\prims\jni.cpp, line
Event: 130.193 Thread 0x00000279835cb000 Exception <a 'java/lang/RuntimeException': Message Key Tool_effects_Keywords was not found in the catalog stats:desktop> (0x00000000f1a0d7a0) thrown at [C:\re\workspace\8-2-build-windows-amd64-cygwin\jdk8u202\12323\hotspot\src\share\vm\prims\jni.cpp, line
Event: 130.819 Thread 0x00000279fdfa0000 Implicit null exception at 0x00000279e7467293 to 0x00000279e7467625
Event: 131.293 Thread 0x00000279fdfa0000 Exception <a 'java/lang/InterruptedException'> (0x00000000ef42d1e0) thrown at [C:\re\workspace\8-2-build-windows-amd64-cygwin\jdk8u202\12323\hotspot\src\share\vm\runtime\objectMonitor.cpp, line 1684]
Event: 164.952 Thread 0x00000279fc18a800 Implicit null exception at 0x00000279e72a9882 to 0x00000279e72a9bf5
Event: 176.460 Thread 0x00000279835cb000 Implicit null exception at 0x00000279e7508941 to 0x00000279e7509ba5
Event: 230.226 Thread 0x00000279835cb000 Implicit null exception at 0x00000279e80ad190 to 0x00000279e80b3439
Event: 230.301 Thread 0x00000279835cb000 Implicit null exception at 0x00000279e758853c to 0x00000279e7588751

Events (10 events):
Event: 242.735 loading class I done
Event: 242.735 loading class I
Event: 242.735 loading class I done
Event: 242.774 Thread 0x00000279fc187000 Thread exited: 0x00000279fc187000
Event: 242.774 Thread 0x00000279fc18d000 Thread exited: 0x00000279fc18d000
Event: 242.774 Thread 0x00000279fc187800 Thread exited: 0x00000279fc187800
Event: 242.774 Thread 0x00000279fc18e800 Thread exited: 0x00000279fc18e800
Event: 242.774 Executing VM operation: RevokeBias
Event: 242.774 Executing VM operation: RevokeBias done
Event: 242.774 Thread 0x00000279fc190000 Thread exited: 0x00000279fc190000


Dynamic libraries:
0x00007ff631570000 - 0x00007ff6315a8000 	D:\Program Files\Matlab\bin\win64\MATLAB.exe
0x00007ffc46fd0000 - 0x00007ffc471c5000 	C:\WINDOWS\SYSTEM32\ntdll.dll
0x00007ffc46ca0000 - 0x00007ffc46d5e000 	C:\WINDOWS\System32\KERNEL32.DLL
0x00007ffc44860000 - 0x00007ffc44b28000 	C:\WINDOWS\System32\KERNELBASE.dll
0x00007ffc41f70000 - 0x00007ffc42000000 	C:\WINDOWS\SYSTEM32\apphelp.dll
0x00007ffc45f80000 - 0x00007ffc46120000 	C:\WINDOWS\System32\USER32.dll
0x00007ffc44c90000 - 0x00007ffc44cb2000 	C:\WINDOWS\System32\win32u.dll
0x00007ffc46900000 - 0x00007ffc4692b000 	C:\WINDOWS\System32\GDI32.dll
0x00007ffc44750000 - 0x00007ffc4485d000 	C:\WINDOWS\System32\gdi32full.dll
0x00007ffc44e10000 - 0x00007ffc44ead000 	C:\WINDOWS\System32\msvcp_win.dll
0x00007ffc44d10000 - 0x00007ffc44e10000 	C:\WINDOWS\System32\ucrtbase.dll
0x00007ffbc61b0000 - 0x00007ffbc6a75000 	D:\Program Files\Matlab\bin\win64\mlutil.dll
0x00007ffbc9d50000 - 0x00007ffbca16a000 	D:\Program Files\Matlab\bin\win64\libmwservices.dll
0x00007ffc45760000 - 0x00007ffc45ea4000 	C:\WINDOWS\System32\SHELL32.dll
0x00007ffc3f370000 - 0x00007ffc3f382000 	D:\Program Files\Matlab\bin\win64\libmwcapabilities.dll
0x00007ffc16dd0000 - 0x00007ffc16e61000 	D:\Program Files\Matlab\bin\win64\MSVCP140.dll
0x00007ffc3ece0000 - 0x00007ffc3ecf9000 	D:\Program Files\Matlab\bin\win64\VCRUNTIME140.dll
0x00007ffc400f0000 - 0x00007ffc400fc000 	D:\Program Files\Matlab\bin\win64\VCRUNTIME140_1.dll
0x00007ffbed690000 - 0x00007ffbed7e0000 	D:\Program Files\Matlab\bin\win64\libmwfl.dll
0x00007ffc469a0000 - 0x00007ffc46a4e000 	C:\WINDOWS\System32\ADVAPI32.dll
0x00007ffc46b80000 - 0x00007ffc46c1e000 	C:\WINDOWS\System32\msvcrt.dll
0x00007ffc455e0000 - 0x00007ffc4567c000 	C:\WINDOWS\System32\sechost.dll
0x00007ffc46e30000 - 0x00007ffc46f55000 	C:\WINDOWS\System32\RPCRT4.dll
0x00007ffbcd0b0000 - 0x00007ffbcd296000 	D:\Program Files\Matlab\bin\win64\libmwi18n.dll
0x00007ffc44720000 - 0x00007ffc44747000 	C:\WINDOWS\System32\bcrypt.dll
0x00007ffbc5de0000 - 0x00007ffbc61a4000 	D:\Program Files\Matlab\bin\win64\mvm.dll
0x00007ffc45eb0000 - 0x00007ffc45f1b000 	C:\WINDOWS\System32\WS2_32.dll
0x00007ffc07ba0000 - 0x00007ffc07c62000 	D:\Program Files\Matlab\bin\win64\libmwcppmicroservices.dll
0x00007ffc446b0000 - 0x00007ffc44719000 	C:\WINDOWS\System32\WINTRUST.dll
0x00007ffc44b30000 - 0x00007ffc44c86000 	C:\WINDOWS\System32\CRYPT32.dll
0x00007ffc1f470000 - 0x00007ffc1f4d7000 	D:\Program Files\Matlab\bin\win64\libmwfoundation_json.dll
0x00007ffbca1c0000 - 0x00007ffbca49b000 	D:\Program Files\Matlab\bin\win64\libmwms.dll
0x00007ffc25a10000 - 0x00007ffc25a49000 	D:\Program Files\Matlab\bin\win64\libmwfoundation_usm.dll
0x00007ffc3f360000 - 0x00007ffc3f36e000 	D:\Program Files\Matlab\bin\win64\libmwmatlabdata_boost_serialization.dll
0x00007ffc0c660000 - 0x00007ffc0c70e000 	D:\Program Files\Matlab\bin\win64\libut.dll
0x00007ffc46a50000 - 0x00007ffc46b7a000 	C:\WINDOWS\System32\ole32.dll
0x00007ffc465a0000 - 0x00007ffc468f5000 	C:\WINDOWS\System32\combase.dll
0x00007ffc46d60000 - 0x00007ffc46e2d000 	C:\WINDOWS\System32\OLEAUT32.dll
0x00007ffc3ecc0000 - 0x00007ffc3ecd4000 	D:\Program Files\Matlab\bin\win64\language_execution_interfaces.dll
0x00007ffbcc1f0000 - 0x00007ffbcc36e000 	D:\Program Files\Matlab\bin\win64\libmx.dll
0x00007ffc3d2e0000 - 0x00007ffc3d304000 	D:\Program Files\Matlab\bin\win64\libmwcpp11compat.dll
0x00007ffc1ffe0000 - 0x00007ffc2001a000 	D:\Program Files\Matlab\bin\win64\mwboost_serialization-vc142-mt-x64-1_72.dll
0x00007ffc3d470000 - 0x00007ffc3d489000 	D:\Program Files\Matlab\bin\win64\mwboost_thread-vc142-mt-x64-1_72.dll
0x00007ffbca790000 - 0x00007ffbca8a7000 	D:\Program Files\Matlab\bin\win64\CppMicroServices3.dll
0x00007ffc45580000 - 0x00007ffc455d5000 	C:\WINDOWS\System32\SHLWAPI.dll
0x00007ffc13c20000 - 0x00007ffc13c86000 	D:\Program Files\Matlab\bin\win64\tbb.dll
0x00007ffbc5c40000 - 0x00007ffbc5dd7000 	D:\Program Files\Matlab\bin\win64\libmwfoundation_matlabdata.dll
0x00007ffbe3d90000 - 0x00007ffbe3e29000 	D:\Program Files\Matlab\bin\win64\mwboost_log-vc142-mt-x64-1_72.dll
0x00007ffc3e5f0000 - 0x00007ffc3e5ff000 	D:\Program Files\Matlab\bin\win64\libmwflstorageutility.dll
0x00007ffbc5ad0000 - 0x00007ffbc5c3c000 	D:\Program Files\Matlab\bin\win64\libmwfoundation_log.dll
0x00007ffc3c450000 - 0x00007ffc3c47e000 	D:\Program Files\Matlab\bin\win64\libmwfoundation_feature.dll
0x00007ffc131b0000 - 0x00007ffc13213000 	D:\Program Files\Matlab\bin\win64\libmwcwf_interface.dll
0x00007ffc0c340000 - 0x00007ffc0c3a1000 	D:\Program Files\Matlab\bin\win64\libmwlivecode.dll
0x00007ffc25900000 - 0x00007ffc25919000 	D:\Program Files\Matlab\bin\win64\libmwmatlabstoragesystem.dll
0x00007ffc1fa30000 - 0x00007ffc1fa5d000 	D:\Program Files\Matlab\bin\win64\libmwfoundation_filesystem.dll
0x00007ffc0b100000 - 0x00007ffc0b149000 	D:\Program Files\Matlab\bin\win64\libmwsearch_path_utilities.dll
0x00007ffc09950000 - 0x00007ffc09999000 	D:\Program Files\Matlab\bin\win64\libmwsettings_in_matlab.dll
0x00007ffbedec0000 - 0x00007ffbedf3d000 	D:\Program Files\Matlab\bin\win64\mcos.dll
0x00007ffc06b80000 - 0x00007ffc06bc9000 	D:\Program Files\Matlab\bin\win64\libmwrelease_info.dll
0x00007ffbca660000 - 0x00007ffbca786000 	D:\Program Files\Matlab\bin\win64\libmwflstorageprovider.dll
0x00007ffc123a0000 - 0x00007ffc123cd000 	D:\Program Files\Matlab\bin\win64\opczippackage.dll
0x00007ffbd6e70000 - 0x00007ffbd6ef6000 	D:\Program Files\Matlab\bin\win64\opccore.dll
0x00007ffbc5580000 - 0x00007ffbc5ac7000 	D:\Program Files\Matlab\bin\win64\settingscore.dll
0x00007ffbc53e0000 - 0x00007ffbc5572000 	D:\Program Files\Matlab\bin\win64\opcmodel.dll
0x00007ffc216c0000 - 0x00007ffc216d6000 	D:\Program Files\Matlab\bin\win64\mwboost_iostreams-vc142-mt-x64-1_72.dll
0x00007ffc21660000 - 0x00007ffc21671000 	D:\Program Files\Matlab\bin\win64\mwboost_date_time-vc142-mt-x64-1_72.dll
0x00007ffc0ba40000 - 0x00007ffc0ba73000 	D:\Program Files\Matlab\bin\win64\string_matrix.dll
0x00007ffbc5230000 - 0x00007ffbc53d2000 	D:\Program Files\Matlab\bin\win64\libmwflstoragevfs.dll
0x00007ffc30270000 - 0x00007ffc30454000 	C:\WINDOWS\SYSTEM32\dbghelp.dll
0x00007ffc3de30000 - 0x00007ffc3de39000 	D:\Program Files\Matlab\bin\win64\libmwresource_core.dll
0x00007ffbc4f90000 - 0x00007ffbc5222000 	D:\Program Files\Matlab\bin\win64\icuin67.dll
0x00007ffc11b10000 - 0x00007ffc11b33000 	D:\Program Files\Matlab\bin\win64\libmwfoundation_memmgr.dll
0x00007ffc43c70000 - 0x00007ffc43cbb000 	C:\WINDOWS\SYSTEM32\POWRPROF.dll
0x00007ffc1d990000 - 0x00007ffc1d9b0000 	D:\Program Files\Matlab\bin\win64\mwboost_filesystem-vc142-mt-x64-1_72.dll
0x00007ffbc4e90000 - 0x00007ffbc4f81000 	D:\Program Files\Matlab\bin\win64\mwboost_regex-vc142-mt-x64-1_72.dll
0x00007ffc1ea90000 - 0x00007ffc1eaad000 	C:\WINDOWS\SYSTEM32\MPR.dll
0x00007ffc11180000 - 0x00007ffc111a9000 	D:\Program Files\Matlab\bin\win64\libexpat.dll
0x00007ffbc4d30000 - 0x00007ffbc4e8e000 	D:\Program Files\Matlab\bin\win64\libmwmst.dll
0x00007ffc14cc0000 - 0x00007ffc14cd9000 	D:\Program Files\Matlab\bin\win64\libmwstartupplugin.dll
0x00007ffbd4a80000 - 0x00007ffbd4b5c000 	D:\Program Files\Matlab\bin\win64\libmwstartup_plugin_initializer.dll
0x00007ffc3dd60000 - 0x00007ffc3dd6e000 	D:\Program Files\Matlab\bin\win64\libmvmtransportapi.dll
0x00007ffbc4be0000 - 0x00007ffbc4d2e000 	D:\Program Files\Matlab\bin\win64\matlab_toolbox_events.dll
0x00007ffc07560000 - 0x00007ffc0758d000 	D:\Program Files\Matlab\bin\win64\libmwthreadpool.dll
0x00007ffbc4a00000 - 0x00007ffbc4bd7000 	D:\Program Files\Matlab\bin\win64\icuuc67.dll
0x00007ffc272a0000 - 0x00007ffc272ae000 	D:\Program Files\Matlab\bin\win64\mwboost_chrono-vc142-mt-x64-1_72.dll
0x00007ffc13c00000 - 0x00007ffc13c19000 	D:\Program Files\Matlab\bin\win64\libmwdtoa.dll
0x00007ffc25a00000 - 0x00007ffc25a0d000 	D:\Program Files\Matlab\bin\win64\libmwflstrings.dll
0x00007ffbcf3e0000 - 0x00007ffbcf441000 	D:\Program Files\Matlab\bin\win64\libmwmcom.dll
0x00007ffbed850000 - 0x00007ffbed886000 	D:\Program Files\Matlab\bin\win64\libmwmfl_permute.dll
0x00007ffbcf2e0000 - 0x00007ffbcf33f000 	D:\Program Files\Matlab\bin\win64\tbbmalloc.dll
0x00000000653d0000 - 0x00000000653ea000 	D:\Program Files\Matlab\bin\win64\zlib1.dll
0x00007ffc25b80000 - 0x00007ffc25b8c000 	C:\WINDOWS\SYSTEM32\Secur32.dll
0x00007ffc137e0000 - 0x00007ffc137f4000 	D:\Program Files\Matlab\bin\win64\icuio67.dll
0x00007ffbcebc0000 - 0x00007ffbcec58000 	D:\Program Files\Matlab\bin\win64\opcmwservices.dll
0x00007ffc137b0000 - 0x00007ffc137c6000 	D:\Program Files\Matlab\bin\win64\libmwsearch_path_interfaces.dll
0x00007ffbcd020000 - 0x00007ffbcd0ad000 	D:\Program Files\Matlab\bin\win64\libmwstoragefilefolderobserver.dll
0x00007ffbc9740000 - 0x00007ffbc980e000 	D:\Program Files\Matlab\bin\win64\libmwsearch_path_events.dll
0x00007ffc259b0000 - 0x00007ffc259c0000 	D:\Program Files\Matlab\bin\win64\libmwindexingapimethods.dll
0x00007ffc10f80000 - 0x00007ffc10f91000 	D:\Program Files\Matlab\bin\win64\libminizip.dll
0x00007ffbc9cd0000 - 0x00007ffbc9d41000 	D:\Program Files\Matlab\bin\win64\xmlcore.dll
0x00007ffbc4780000 - 0x00007ffbc49fa000 	D:\Program Files\Matlab\bin\win64\libmwflnetwork.dll
0x00007ffbc46a0000 - 0x00007ffbc4780000 	D:\Program Files\Matlab\bin\win64\libmwfoundation_matlabdata_standalone.dll
0x00007ffbd6e40000 - 0x00007ffbd6e63000 	D:\Program Files\Matlab\bin\win64\libmwnativedialogs.dll
0x00007ffbc4580000 - 0x00007ffbc4695000 	D:\Program Files\Matlab\bin\win64\libmwfoundation_matlabdata_json.dll
0x00007ffbc4260000 - 0x00007ffbc457a000 	D:\Program Files\Matlab\bin\win64\xerces-c_3_2.dll
0x00007ffbcede0000 - 0x00007ffbcee1b000 	D:\Program Files\Matlab\bin\win64\libmwflcryptoutils.dll
0x00007ffbced90000 - 0x00007ffbcedde000 	D:\Program Files\Matlab\bin\win64\libmwflcrypto.dll
0x00007ffbced30000 - 0x00007ffbced8d000 	D:\Program Files\Matlab\bin\win64\libmwflcertificates.dll
0x00007ffbc4040000 - 0x00007ffbc4251000 	D:\Program Files\Matlab\bin\win64\libmwflcryptocryptopp.dll
0x00007ffc43e60000 - 0x00007ffc43eca000 	C:\WINDOWS\SYSTEM32\MSWSOCK.dll
0x00007ffc109b0000 - 0x00007ffc109cd000 	D:\Program Files\Matlab\bin\win64\libmwflstorageevents.dll
0x00007ffbcecf0000 - 0x00007ffbced2c000 	D:\Program Files\Matlab\bin\win64\libmwmsr.dll
0x00007ffc43b00000 - 0x00007ffc43b3b000 	C:\WINDOWS\SYSTEM32\IPHLPAPI.DLL
0x00007ffc0cca0000 - 0x00007ffc0ccba000 	D:\Program Files\Matlab\bin\win64\libmwmodule_descriptor_interfaces.dll
0x00007ffbc3d70000 - 0x00007ffbc4035000 	D:\Program Files\Matlab\bin\win64\libcrypto-1_1-x64.dll
0x00007ffbc3cc0000 - 0x00007ffbc3d6d000 	D:\Program Files\Matlab\bin\win64\libssl-1_1-x64.dll
0x00007ffc44570000 - 0x00007ffc445a1000 	C:\WINDOWS\SYSTEM32\SSPICLI.DLL
0x00007ffbc3a60000 - 0x00007ffbc3cbe000 	D:\Program Files\Matlab\bin\win64\execution_events.dll
0x00007ffc20050000 - 0x00007ffc2005e000 	D:\Program Files\Matlab\bin\win64\libmwfoundation_matlabjson_frontend.dll
0x00000279d01c0000 - 0x00000279d1cd7000 	D:\Program Files\Matlab\bin\win64\icudt67.dll
0x00007ffc43ae0000 - 0x00007ffc43af2000 	C:\WINDOWS\SYSTEM32\UMPDC.dll
0x00007ffc44290000 - 0x00007ffc442a2000 	C:\WINDOWS\SYSTEM32\MSASN1.dll
0x00007ffc45550000 - 0x00007ffc45580000 	C:\WINDOWS\System32\IMM32.DLL
0x00007ffc44070000 - 0x00007ffc4407c000 	C:\WINDOWS\SYSTEM32\CRYPTBASE.DLL
0x00007ffc44eb0000 - 0x00007ffc44f32000 	C:\WINDOWS\System32\bcryptPrimitives.dll
0x00007ffbc39c0000 - 0x00007ffbc3a5a000 	D:\Program Files\Matlab\bin\win64\DeclarativeServices1.dll
0x00007ffc0c450000 - 0x00007ffc0c462000 	D:\Program Files\Matlab\bin\win64\usServiceComponent.dll
0x00007ffc1ffd0000 - 0x00007ffc1ffd9000 	D:\Program Files\Matlab\bin\win64\usLogService.dll

VM Arguments:
jvm_args: -Xms64m -XX:NewRatio=3 -Xmx1152m -XX:MaxDirectMemorySize=2147400000 -Dsun.java2d.noddraw=true -Dsun.awt.nopixfmt=true -Xshare:off -Djava.ext.dirs=D:\Program Files\Matlab\sys\java\jre\win64\jre\lib\ext -Djogamp.gluegen.UseTempJarCache=false -Djogl.disable.opengles=1 -Djogl.windows.cpu_affinity_mode=0 -Xrs -Djava.library.path=D:\Program Files\Matlab\bin\win64;D:\Program Files\Matlab\sys\jxbrowser\win64\lib;D:\OpenSim 4.3\bin vfprintf -XX:ErrorFile=C:\Users\anton\AppData\Local\Temp\hs_error_pid10932.log abort -Duser.language=de -Duser.country=DE -Dfile.encoding=Cp1252 -XX:ParallelGCThreads=6 
java_command: <unknown>
java_class_path (initial): D:\Program Files\Matlab\java\patch;D:\Program Files\Matlab\java\jar\jmi.jar;D:\Program Files\Matlab\java\jar\util.jar;D:\Program Files\Matlab\java\jar\mvm.jar;D:\Program Files\Matlab\java\jar\services.jar;D:\Program Files\Matlab\java\jarext\commons-io.jar;D:\Program Files\Matlab\java\jar\cfbutils.jar;D:\Program Files\Matlab\java\jar\capabilities.jar;D:\Program Files\Matlab\java\jar\mlwidgets.jar;D:\Program Files\Matlab\java\jar\html.jar;D:\Program Files\Matlab\java\jar\net.jar;D:\Program Files\Matlab\java\jarext\jackson\jackson-core.jar;D:\Program Files\Matlab\java\jarext\jackson\jackson-databind.jar;D:\Program Files\Matlab\java\jar\mwswing.jar;D:\Program Files\Matlab\java\jar\common.jar;D:\Program Files\Matlab\java\jarext\google-collect.jar;D:\Program Files\Matlab\java\jarext\jide\jide-common.jar;D:\Program Files\Matlab\java\jarext\jide\jide-dock.jar;D:\Program Files\Matlab\java\jarext\jide\jide-action.jar;D:\Program Files\Matlab\java\jarext\jide\jide-components.jar;D:\Program Files\Matlab\java\jarext\jide\jide-grids.jar;D:\Program Files\Matlab\java\jarext\jide\jide-dialogs.jar;D:\Program Files\Matlab\java\jarext\jide\jide-shortcut.jar;D:\Program Files\Matlab\java\jarext\jide\jide-charts.jar;D:\Program Files\Matlab\java\jar\toolstrip.jar;D:\Program Files\Matlab\java\jar\mlservices.jar;D:\Program Files\Matlab\java\jar\widgets.jar;D:\Program Files\Matlab\java\jar\mde.jar;D:\Program Files\Matlab\java\jar\desktop.jar;D:\Program Files\Matlab\java\jar\explorer_api.jar;D:\Program Files\Matlab\java\jar\explorer.jar;D:\Program Files\Matlab\java\jarext\commons-lang.jar;D:\Program Files\Matlab\java\jarext\connector_api\connector_api_java\connector_interface.jar;D:\Program Files\Matlab\java\jar\connector_api\jni_json_api.jar;D:\Program Files\Matlab\java\jar\connector_api\framework_api.jar;D:\Program Files\Matlab\java\jar\connector_api\jni_native_bridge_api.jar;D:\Program Files\Matlab\java\jar\connector_api\jni_message_service_api.jar;D:\Program Fil
Launcher Type: generic

Environment Variables:
PATH=D:\OpenSim 4.3\bin;C:\Program Files\Common Files\Oracle\Java\javapath;C:\Program Files (x86)\Common Files\Oracle\Java\javapath;C:\Program Files\AdoptOpenJDK\jdk-11.0.8.10-hotspot\bin;C:\Program Files (x86)\Intel\Intel(R) Management Engine Components\iCLS\;C:\Program Files\Intel\Intel(R) Management Engine Components\iCLS\;C:\Windows\system32;C:\Windows;C:\Windows\System32\Wbem;C:\Windows\System32\WindowsPowerShell\v1.0\;C:\Windows\System32\OpenSSH\;C:\Program Files (x86)\Intel\Intel(R) Management Engine Components\DAL;C:\Program Files\Intel\Intel(R) Management Engine Components\DAL;C:\Program Files (x86)\Intel\Intel(R) Management Engine Components\IPT;C:\Program Files\Intel\Intel(R) Management Engine Components\IPT;C:\Program Files (x86)\NVIDIA Corporation\PhysX\Common;C:\Program Files\NVIDIA Corporation\NVIDIA NvDLISR;C:\WINDOWS\system32;C:\WINDOWS;C:\WINDOWS\System32\Wbem;C:\WINDOWS\System32\WindowsPowerShell\v1.0\;C:\WINDOWS\System32\OpenSSH\;C:\Program Files\nodejs\;D:\Program Files (x86)\bin;D:\Program Files (x86)\CMake\bin;C:\Program Files\Microsoft SQL Server\150\Tools\Binn\;C:\Program Files\Microsoft SQL Server\Client SDK\ODBC\170\Tools\Binn\;C:\Program Files\dotnet\;D:\Program Files\Matlab\bin;C:\Users\anton\AppData\Local\Programs\Python\Python37\Scripts\;C:\Users\anton\AppData\Local\Programs\Python\Python37\;C:\Users\anton\AppData\Local\Microsoft\WindowsApps;C:\Users\anton\AppData\Local\Programs\Microsoft VS Code\bin;C:\Users\anton\AppData\Roaming\npm;C:\Users\anton\AppData\Local\GitHubDesktop\bin;D:\texlive\2021\bin\win32;C:\Users\anton\.dotnet\tools;
USERNAME=anton
OS=Windows_NT
PROCESSOR_IDENTIFIER=Intel64 Family 6 Model 158 Stepping 10, GenuineIntel



---------------  S Y S T E M  ---------------

OS: Windows 10.0 , 64 bit Build 19041 (10.0.19041.1503)

CPU:total 8 (initial active 8) (4 cores per cpu, 2 threads per core) family 6 model 158 stepping 10, cmov, cx8, fxsr, mmx, sse, sse2, sse3, ssse3, sse4.1, sse4.2, popcnt, avx, avx2, aes, clmul, erms, 3dnowpref, lzcnt, ht, tsc, tscinvbit, bmi1, bmi2, adx

Memory: 4k page, physical 8227124k(817300k free), swap 16185428k(2520576k free)

vm_info: Java HotSpot(TM) 64-Bit Server VM (25.202-b08) for windows-amd64 JRE (1.8.0_202-b08), built on Dec 15 2018 19:54:30 by "java_re" with MS VC++ 10.0 (VS2010)

time: Wed Feb 02 22:11:57 2022
timezone: Mitteleuropäische Zeit
elapsed time: 244 seconds (0d 0h 4m 4s)

